生成启动时间为 2019/12/17 20:20:41。
     1>项目“G:\静静 VS2010C练习\2019-12-17\2019-12-17\2019-12-17.vcxproj”在节点 2 上(build 个目标)。
     1>InitializeBuildStatus:
         正在对“Debug\2019-12-17.unsuccessfulbuild”执行 Touch 任务。
       ClCompile:
         G:\编译器VS2010\VC\bin\CL.exe /c /ZI /nologo /W3 /WX- /Od /Oy- /D _MBCS /Gm /EHsc /RTC1 /MDd /GS /fp:precise /Zc:wchar_t /Zc:forScope /Fo"Debug\\" /Fd"Debug\vc100.pdb" /Gd /TC /analyze- /errorReport:prompt "2019-12-17.c"
         2019-12-17.c
     1>g:\静静 vs2010c练习\2019-12-17\2019-12-17\2019-12-17.c(168): warning C4996: 'scanf': This function or variable may be unsafe. Consider using scanf_s instead. To disable deprecation, use _CRT_SECURE_NO_WARNINGS. See online help for details.
                 g:\编译器vs2010\vc\include\stdio.h(304) : 参见“scanf”的声明
     1>g:\静静 vs2010c练习\2019-12-17\2019-12-17\2019-12-17.c(174): warning C4996: 'scanf': This function or variable may be unsafe. Consider using scanf_s instead. To disable deprecation, use _CRT_SECURE_NO_WARNINGS. See online help for details.
                 g:\编译器vs2010\vc\include\stdio.h(304) : 参见“scanf”的声明
       Link:
         G:\编译器VS2010\VC\bin\link.exe /ERRORREPORT:PROMPT /OUT:"G:\静静 VS2010C练习\2019-12-17\Debug\2019-12-17.exe" /NOLOGO kernel32.lib user32.lib gdi32.lib winspool.lib comdlg32.lib advapi32.lib shell32.lib ole32.lib oleaut32.lib uuid.lib odbc32.lib odbccp32.lib /MANIFEST /ManifestFile:"Debug\2019-12-17.exe.intermediate.manifest" /MANIFESTUAC:"level='asInvoker' uiAccess='false'" /DEBUG /PDB:"G:\静静 VS2010C练习\2019-12-17\Debug\2019-12-17.pdb" /SUBSYSTEM:CONSOLE /TLBID:1 /DYNAMICBASE /NXCOMPAT /IMPLIB:"G:\静静 VS2010C练习\2019-12-17\Debug\2019-12-17.lib" /MACHINE:X86 "Debug\2019-12-17.obj"
         2019-12-17.vcxproj -> G:\静静 VS2010C练习\2019-12-17\Debug\2019-12-17.exe
       Manifest:
         C:\Program Files (x86)\Microsoft SDKs\Windows\v7.0A\bin\mt.exe /nologo /verbose /outputresource:"G:\静静 VS2010C练习\2019-12-17\Debug\2019-12-17.exe;#1" /manifest "Debug\2019-12-17.exe.intermediate.manifest"
       FinalizeBuildStatus:
         正在删除文件“Debug\2019-12-17.unsuccessfulbuild”。
         正在对“Debug\2019-12-17.lastbuildstate”执行 Touch 任务。
     1>已完成生成项目“G:\静静 VS2010C练习\2019-12-17\2019-12-17\2019-12-17.vcxproj”(build 个目标)的操作。

生成成功。

已用时间 00:00:00.93
