c:\users\n\appdata\local\temp\picfacecombundle.ini
g:\程序练习\练习 ascii表前128位字符百分号c表示\练习 ascii表前128位字符百分号c表示\debug\vc120.pdb
g:\程序练习\练习 ascii表前128位字符百分号c表示\练习 ascii表前128位字符百分号c表示\debug\vc120.idb
g:\程序练习\练习 ascii表前128位字符百分号c表示\练习 ascii表前128位字符百分号c表示\debug\源.nativecodeanalysis.xml
g:\程序练习\练习 ascii表前128位字符百分号c表示\练习 ascii表前128位字符百分号c表示\debug\源.obj
c:\users\n\appdata\locallow\sogoupy\components\componentconfig.ini
g:\程序练习\练习 ascii表前128位字符百分号c表示\debug\练习 ascii表前128位字符百分号c表示.ilk
g:\程序练习\练习 ascii表前128位字符百分号c表示\debug\练习 ascii表前128位字符百分号c表示.exe
g:\程序练习\练习 ascii表前128位字符百分号c表示\debug\练习 ascii表前128位字符百分号c表示.pdb
g:\程序练习\练习 ascii表前128位字符百分号c表示\练习 ascii表前128位字符百分号c表示\debug\nativecodeanalysis.read.1.tlog
g:\程序练习\练习 ascii表前128位字符百分号c表示\练习 ascii表前128位字符百分号c表示\debug\vc.nativecodeanalysis.all.xml
g:\程序练习\练习 ascii表前128位字符百分号c表示\debug\练习 ascii表前128位字符百分号c表示.exe.lastcodeanalysissucceeded
g:\程序练习\练习 ascii表前128位字符百分号c表示\练习 ascii表前128位字符百分号c表示\debug\练习 ascii.be3afb16.tlog\cl-sogoucommgr.read.1.tlog
g:\程序练习\练习 ascii表前128位字符百分号c表示\练习 ascii表前128位字符百分号c表示\debug\练习 ascii.be3afb16.tlog\cl-sogoucommgr.read.12.tlog
g:\程序练习\练习 ascii表前128位字符百分号c表示\练习 ascii表前128位字符百分号c表示\debug\练习 ascii.be3afb16.tlog\cl-sogoucommgr.read.14.tlog
g:\程序练习\练习 ascii表前128位字符百分号c表示\练习 ascii表前128位字符百分号c表示\debug\练习 ascii.be3afb16.tlog\cl-sogoucommgr.write.1.tlog
g:\程序练习\练习 ascii表前128位字符百分号c表示\练习 ascii表前128位字符百分号c表示\debug\练习 ascii.be3afb16.tlog\cl-sogoucommgr.write.12.tlog
g:\程序练习\练习 ascii表前128位字符百分号c表示\练习 ascii表前128位字符百分号c表示\debug\练习 ascii.be3afb16.tlog\cl.command.1.tlog
g:\程序练习\练习 ascii表前128位字符百分号c表示\练习 ascii表前128位字符百分号c表示\debug\练习 ascii.be3afb16.tlog\cl.read.1.tlog
g:\程序练习\练习 ascii表前128位字符百分号c表示\练习 ascii表前128位字符百分号c表示\debug\练习 ascii.be3afb16.tlog\cl.read.2.tlog
g:\程序练习\练习 ascii表前128位字符百分号c表示\练习 ascii表前128位字符百分号c表示\debug\练习 ascii.be3afb16.tlog\cl.write.1.tlog
g:\程序练习\练习 ascii表前128位字符百分号c表示\练习 ascii表前128位字符百分号c表示\debug\练习 ascii.be3afb16.tlog\cl.write.2.tlog
g:\程序练习\练习 ascii表前128位字符百分号c表示\练习 ascii表前128位字符百分号c表示\debug\练习 ascii.be3afb16.tlog\link.command.1.tlog
g:\程序练习\练习 ascii表前128位字符百分号c表示\练习 ascii表前128位字符百分号c表示\debug\练习 ascii.be3afb16.tlog\link.read.1.tlog
g:\程序练习\练习 ascii表前128位字符百分号c表示\练习 ascii表前128位字符百分号c表示\debug\练习 ascii.be3afb16.tlog\link.write.1.tlog
