g:\程序练习\练习6.26\练习6.26\debug\vc120.pdb
g:\程序练习\练习6.26\练习6.26\debug\vc120.idb
g:\程序练习\练习6.26\练习6.26\debug\源.nativecodeanalysis.xml
g:\程序练习\练习6.26\练习6.26\debug\源.obj
c:\users\n\appdata\locallow\sogoupy\components\componentconfig.ini
g:\程序练习\练习6.26\debug\练习6.26.ilk
g:\程序练习\练习6.26\debug\练习6.26.exe
g:\程序练习\练习6.26\debug\练习6.26.pdb
g:\程序练习\练习6.26\练习6.26\debug\nativecodeanalysis.read.1.tlog
g:\程序练习\练习6.26\练习6.26\debug\vc.nativecodeanalysis.all.xml
g:\程序练习\练习6.26\debug\练习6.26.exe.lastcodeanalysissucceeded
g:\程序练习\练习6.26\练习6.26\debug\练习6.26.tlog\cl-sogoucommgr.read.1.tlog
g:\程序练习\练习6.26\练习6.26\debug\练习6.26.tlog\cl-sogoucommgr.write.1.tlog
g:\程序练习\练习6.26\练习6.26\debug\练习6.26.tlog\cl.command.1.tlog
g:\程序练习\练习6.26\练习6.26\debug\练习6.26.tlog\cl.read.1.tlog
g:\程序练习\练习6.26\练习6.26\debug\练习6.26.tlog\cl.read.2.tlog
g:\程序练习\练习6.26\练习6.26\debug\练习6.26.tlog\cl.write.1.tlog
g:\程序练习\练习6.26\练习6.26\debug\练习6.26.tlog\cl.write.2.tlog
g:\程序练习\练习6.26\练习6.26\debug\练习6.26.tlog\link.command.1.tlog
g:\程序练习\练习6.26\练习6.26\debug\练习6.26.tlog\link.read.1.tlog
g:\程序练习\练习6.26\练习6.26\debug\练习6.26.tlog\link.write.1.tlog
