生成启动时间为 2019/10/9 21:20:01。
     1>项目“G:\静静 VS2010C练习\练习1\练习1\练习1.vcxproj”在节点 2 上(build 个目标)。
     1>InitializeBuildStatus:
         正在创建“Debug\练习1.unsuccessfulbuild”，因为已指定“AlwaysCreate”。
       ClCompile:
         G:\编译器VS2010\VC\bin\CL.exe /c /ZI /nologo /W3 /WX- /Od /Oy- /D WIN32 /D _DEBUG /D _CONSOLE /D _UNICODE /D UNICODE /Gm /EHsc /RTC1 /MDd /GS /fp:precise /Zc:wchar_t /Zc:forScope /Fo"Debug\\" /Fd"Debug\vc100.pdb" /Gd /TP /analyze- /errorReport:prompt "练习1.cpp"
         练习1.cpp
     1>g:\静静 vs2010c练习\练习1\练习1\练习1.cpp(5): warning C4996: 'scanf': This function or variable may be unsafe. Consider using scanf_s instead. To disable deprecation, use _CRT_SECURE_NO_WARNINGS. See online help for details.
                 g:\编译器vs2010\vc\include\stdio.h(304) : 参见“scanf”的声明
     1>g:\静静 vs2010c练习\练习1\练习1\练习1.cpp(5): warning C4700: 使用了未初始化的局部变量“b”
     1>g:\静静 vs2010c练习\练习1\练习1\练习1.cpp(5): warning C4700: 使用了未初始化的局部变量“a”
       ManifestResourceCompile:
         所有输出均为最新。
       Link:
         G:\编译器VS2010\VC\bin\link.exe /ERRORREPORT:PROMPT /OUT:"G:\静静 VS2010C练习\练习1\Debug\练习1.exe" /INCREMENTAL /NOLOGO kernel32.lib user32.lib gdi32.lib winspool.lib comdlg32.lib advapi32.lib shell32.lib ole32.lib oleaut32.lib uuid.lib odbc32.lib odbccp32.lib /MANIFEST /ManifestFile:"Debug\练习1.exe.intermediate.manifest" /MANIFESTUAC:"level='asInvoker' uiAccess='false'" /DEBUG /PDB:"G:\静静 VS2010C练习\练习1\Debug\练习1.pdb" /SUBSYSTEM:CONSOLE /TLBID:1 /DYNAMICBASE /NXCOMPAT /IMPLIB:"G:\静静 VS2010C练习\练习1\Debug\练习1.lib" /MACHINE:X86 "Debug\练习1.exe.embed.manifest.res"
         Debug\stdafx.obj
         "Debug\练习1.obj"
       Manifest:
         C:\Program Files (x86)\Microsoft SDKs\Windows\v7.0A\bin\mt.exe /nologo /verbose /out:"Debug\练习1.exe.embed.manifest" /manifest "Debug\练习1.exe.intermediate.manifest"
         所有输出均为最新。
       LinkEmbedManifest:
         所有输出均为最新。
         练习1.vcxproj -> G:\静静 VS2010C练习\练习1\Debug\练习1.exe
       FinalizeBuildStatus:
         正在删除文件“Debug\练习1.unsuccessfulbuild”。
         正在对“Debug\练习1.lastbuildstate”执行 Touch 任务。
     1>已完成生成项目“G:\静静 VS2010C练习\练习1\练习1\练习1.vcxproj”(build 个目标)的操作。

生成成功。

已用时间 00:00:00.51
