G:\静静 VS2010C练习\练习1\Debug\练习1.exe
G:\静静 VS2010C练习\练习1\Debug\练习1.ilk
G:\静静 VS2010C练习\练习1\Debug\练习1.pdb
G:\静静 VS2010C练习\练习1\练习1\Debug\cl.command.1.tlog
G:\静静 VS2010C练习\练习1\练习1\Debug\CL.read.1.tlog
G:\静静 VS2010C练习\练习1\练习1\Debug\CL.write.1.tlog
G:\静静 VS2010C练习\练习1\练习1\Debug\link.13024.read.1.tlog
G:\静静 VS2010C练习\练习1\练习1\Debug\link.13024.write.1.tlog
G:\静静 VS2010C练习\练习1\练习1\Debug\link.13024-cvtres.read.1.tlog
G:\静静 VS2010C练习\练习1\练习1\Debug\link.13024-cvtres.write.1.tlog
G:\静静 VS2010C练习\练习1\练习1\Debug\link.command.1.tlog
G:\静静 VS2010C练习\练习1\练习1\Debug\link.read.1.tlog
G:\静静 VS2010C练习\练习1\练习1\Debug\link.write.1.tlog
G:\静静 VS2010C练习\练习1\练习1\Debug\link-cvtres.read.1.tlog
G:\静静 VS2010C练习\练习1\练习1\Debug\link-cvtres.write.1.tlog
G:\静静 VS2010C练习\练习1\练习1\Debug\mt.command.1.tlog
G:\静静 VS2010C练习\练习1\练习1\Debug\mt.read.1.tlog
G:\静静 VS2010C练习\练习1\练习1\Debug\mt.write.1.tlog
G:\静静 VS2010C练习\练习1\练习1\Debug\rc.command.1.tlog
G:\静静 VS2010C练习\练习1\练习1\Debug\rc.read.1.tlog
G:\静静 VS2010C练习\练习1\练习1\Debug\rc.write.1.tlog
G:\静静 VS2010C练习\练习1\练习1\DEBUG\STDAFX.OBJ
G:\静静 VS2010C练习\练习1\练习1\Debug\vc100.idb
G:\静静 VS2010C练习\练习1\练习1\DEBUG\VC100.PDB
G:\静静 VS2010C练习\练习1\练习1\DEBUG\练习1.EXE.EMBED.MANIFEST
G:\静静 VS2010C练习\练习1\练习1\DEBUG\练习1.EXE.EMBED.MANIFEST.RES
G:\静静 VS2010C练习\练习1\练习1\Debug\练习1.exe.intermediate.manifest
G:\静静 VS2010C练习\练习1\练习1\DEBUG\练习1.OBJ
G:\静静 VS2010C练习\练习1\练习1\Debug\练习1.write.1.tlog
G:\静静 VS2010C练习\练习1\练习1\Debug\练习1_manifest.rc
