g:\程序练习\猴子吃桃\猴子吃桃\debug\vc120.pdb
g:\程序练习\猴子吃桃\猴子吃桃\debug\vc120.idb
g:\程序练习\猴子吃桃\猴子吃桃\debug\源.nativecodeanalysis.xml
g:\程序练习\猴子吃桃\猴子吃桃\debug\源.obj
c:\users\n\appdata\locallow\sogoupy\components\componentconfig.ini
g:\程序练习\猴子吃桃\debug\猴子吃桃.ilk
g:\程序练习\猴子吃桃\debug\猴子吃桃.exe
g:\程序练习\猴子吃桃\debug\猴子吃桃.pdb
g:\程序练习\猴子吃桃\猴子吃桃\debug\nativecodeanalysis.read.1.tlog
g:\程序练习\猴子吃桃\猴子吃桃\debug\vc.nativecodeanalysis.all.xml
g:\程序练习\猴子吃桃\debug\猴子吃桃.exe.lastcodeanalysissucceeded
g:\程序练习\猴子吃桃\猴子吃桃\debug\猴子吃桃.tlog\cl-sogoucommgr.read.1.tlog
g:\程序练习\猴子吃桃\猴子吃桃\debug\猴子吃桃.tlog\cl-sogoucommgr.write.1.tlog
g:\程序练习\猴子吃桃\猴子吃桃\debug\猴子吃桃.tlog\cl.command.1.tlog
g:\程序练习\猴子吃桃\猴子吃桃\debug\猴子吃桃.tlog\cl.read.1.tlog
g:\程序练习\猴子吃桃\猴子吃桃\debug\猴子吃桃.tlog\cl.read.2.tlog
g:\程序练习\猴子吃桃\猴子吃桃\debug\猴子吃桃.tlog\cl.write.1.tlog
g:\程序练习\猴子吃桃\猴子吃桃\debug\猴子吃桃.tlog\cl.write.2.tlog
g:\程序练习\猴子吃桃\猴子吃桃\debug\猴子吃桃.tlog\link.command.1.tlog
g:\程序练习\猴子吃桃\猴子吃桃\debug\猴子吃桃.tlog\link.read.1.tlog
g:\程序练习\猴子吃桃\猴子吃桃\debug\猴子吃桃.tlog\link.write.1.tlog
