c:\users\n\appdata\local\temp\picfacecombundle.ini
g:\程序练习\n到m求和\n到m求和\debug\vc120.pdb
g:\程序练习\n到m求和\n到m求和\debug\vc120.idb
g:\程序练习\n到m求和\n到m求和\debug\源.nativecodeanalysis.xml
g:\程序练习\n到m求和\n到m求和\debug\源.obj
c:\users\n\appdata\locallow\sogoupy\components\componentconfig.ini
g:\程序练习\n到m求和\debug\n到m求和.ilk
g:\程序练习\n到m求和\debug\n到m求和.exe
g:\程序练习\n到m求和\debug\n到m求和.pdb
g:\程序练习\n到m求和\n到m求和\debug\nativecodeanalysis.read.1.tlog
g:\程序练习\n到m求和\n到m求和\debug\vc.nativecodeanalysis.all.xml
g:\程序练习\n到m求和\debug\n到m求和.exe.lastcodeanalysissucceeded
g:\程序练习\n到m求和\n到m求和\debug\n到m求和.tlog\cl-sogoucommgr.read.1.tlog
g:\程序练习\n到m求和\n到m求和\debug\n到m求和.tlog\cl-sogoucommgr.read.17.tlog
g:\程序练习\n到m求和\n到m求和\debug\n到m求和.tlog\cl-sogoucommgr.write.1.tlog
g:\程序练习\n到m求和\n到m求和\debug\n到m求和.tlog\cl-sogoucommgr.write.12.tlog
g:\程序练习\n到m求和\n到m求和\debug\n到m求和.tlog\cl.command.1.tlog
g:\程序练习\n到m求和\n到m求和\debug\n到m求和.tlog\cl.read.1.tlog
g:\程序练习\n到m求和\n到m求和\debug\n到m求和.tlog\cl.read.2.tlog
g:\程序练习\n到m求和\n到m求和\debug\n到m求和.tlog\cl.write.1.tlog
g:\程序练习\n到m求和\n到m求和\debug\n到m求和.tlog\cl.write.2.tlog
g:\程序练习\n到m求和\n到m求和\debug\n到m求和.tlog\link.command.1.tlog
g:\程序练习\n到m求和\n到m求和\debug\n到m求和.tlog\link.read.1.tlog
g:\程序练习\n到m求和\n到m求和\debug\n到m求和.tlog\link.write.1.tlog
