生成启动时间为 2019/10/28 21:29:33。
     1>项目“G:\静静 VS2010C练习\2019-10-27\2019-10-27\2019-10-27.vcxproj”在节点 2 上(build 个目标)。
     1>InitializeBuildStatus:
         正在创建“Debug\2019-10-27.unsuccessfulbuild”，因为已指定“AlwaysCreate”。
       ClCompile:
         G:\编译器VS2010\VC\bin\CL.exe /c /ZI /nologo /W3 /WX- /Od /Oy- /D WIN32 /D _DEBUG /D _CONSOLE /D _UNICODE /D UNICODE /Gm /EHsc /RTC1 /MDd /GS /fp:precise /Zc:wchar_t /Zc:forScope /Fo"Debug\\" /Fd"Debug\vc100.pdb" /Gd /TP /analyze- /errorReport:prompt "2019-10-27.cpp"
         2019-10-27.cpp
     1>g:\静静 vs2010c练习\2019-10-27\2019-10-27\2019-10-27.cpp(49): warning C4129: “: 不可识别的字符转义序列
       ManifestResourceCompile:
         所有输出均为最新。
       Link:
         G:\编译器VS2010\VC\bin\link.exe /ERRORREPORT:PROMPT /OUT:"G:\静静 VS2010C练习\2019-10-27\Debug\2019-10-27.exe" /INCREMENTAL /NOLOGO kernel32.lib user32.lib gdi32.lib winspool.lib comdlg32.lib advapi32.lib shell32.lib ole32.lib oleaut32.lib uuid.lib odbc32.lib odbccp32.lib /MANIFEST /ManifestFile:"Debug\2019-10-27.exe.intermediate.manifest" /MANIFESTUAC:"level='asInvoker' uiAccess='false'" /DEBUG /PDB:"G:\静静 VS2010C练习\2019-10-27\Debug\2019-10-27.pdb" /SUBSYSTEM:CONSOLE /TLBID:1 /DYNAMICBASE /NXCOMPAT /IMPLIB:"G:\静静 VS2010C练习\2019-10-27\Debug\2019-10-27.lib" /MACHINE:X86 "Debug\2019-10-27.exe.embed.manifest.res"
         "Debug\2019-10-27.obj"
         Debug\stdafx.obj
       Manifest:
         C:\Program Files (x86)\Microsoft SDKs\Windows\v7.0A\bin\mt.exe /nologo /verbose /out:"Debug\2019-10-27.exe.embed.manifest" /manifest "Debug\2019-10-27.exe.intermediate.manifest"
         所有输出均为最新。
       LinkEmbedManifest:
         所有输出均为最新。
         2019-10-27.vcxproj -> G:\静静 VS2010C练习\2019-10-27\Debug\2019-10-27.exe
       FinalizeBuildStatus:
         正在删除文件“Debug\2019-10-27.unsuccessfulbuild”。
         正在对“Debug\2019-10-27.lastbuildstate”执行 Touch 任务。
     1>已完成生成项目“G:\静静 VS2010C练习\2019-10-27\2019-10-27\2019-10-27.vcxproj”(build 个目标)的操作。

生成成功。

已用时间 00:00:00.43
